Started at Wed Oct 04 07:46:08 UTC 2023
Processing my-first-job
Offering my-first-job to Project Build Discarder
Processing n-dot-ssh
Offering n-dot-ssh to Project Build Discarder
Finished at Wed Oct 04 07:46:08 UTC 2023. 6ms
Started at Wed Oct 04 08:46:08 UTC 2023
Processing backup-to-aws
Offering backup-to-aws to Project Build Discarder
Processing my-first-job
Offering my-first-job to Project Build Discarder
Processing n-dot-ssh
Offering n-dot-ssh to Project Build Discarder
Finished at Wed Oct 04 08:46:08 UTC 2023. 1ms
Started at Wed Oct 04 09:46:08 UTC 2023
Processing backup-to-aws
Offering backup-to-aws to Project Build Discarder
Processing my-first-job
Offering my-first-job to Project Build Discarder
Processing n-dot-ssh
Offering n-dot-ssh to Project Build Discarder
Finished at Wed Oct 04 09:46:08 UTC 2023. 0ms
Started at Wed Oct 04 10:46:08 UTC 2023
Processing backup-to-aws
Offering backup-to-aws to Project Build Discarder
Processing my-first-job
Offering my-first-job to Project Build Discarder
Processing n-dot-ssh
Offering n-dot-ssh to Project Build Discarder
Processing remote-host-ssh
Offering remote-host-ssh to Project Build Discarder
Finished at Wed Oct 04 10:46:08 UTC 2023. 1ms
Started at Wed Oct 04 11:46:08 UTC 2023
Processing backup-to-aws
Offering backup-to-aws to Project Build Discarder
Processing my-first-job
Offering my-first-job to Project Build Discarder
Processing n-dot-ssh
Offering n-dot-ssh to Project Build Discarder
Processing remote-host-ssh
Offering remote-host-ssh to Project Build Discarder
Finished at Wed Oct 04 11:46:08 UTC 2023. 1ms
Started at Wed Oct 04 12:46:08 UTC 2023
Processing backup-to-aws
Offering backup-to-aws to Project Build Discarder
Processing my-first-job
Offering my-first-job to Project Build Discarder
Processing n-dot-ssh
Offering n-dot-ssh to Project Build Discarder
Processing remote-host-ssh
Offering remote-host-ssh to Project Build Discarder
Finished at Wed Oct 04 12:46:08 UTC 2023. 2ms
